build/app/outputs/mapping/release/mapping.txt
# compiler: R8
# compiler_version: 1.5.64
# min_api: 21
# pg_map_id: b44b9e7
...
io.grpc.internal.DelayedClientTransport -> c.b.n1.a0:
    java.lang.Runnable reportTransportInUse -> e
    io.grpc.Status shutdownStatus -> j
    long lastPickerVersion -> l
    java.lang.Runnable reportTransportTerminated -> g
    java.lang.Runnable reportTransportNotInUse -> f
    java.lang.Object lock -> b
    java.util.concurrent.Executor defaultAppExecutor -> c
    io.grpc.SynchronizationContext syncContext -> d
    io.grpc.LoadBalancer$SubchannelPicker lastPicker -> k
    io.grpc.internal.ManagedClientTransport$Listener listener -> h
    java.util.Collection pendingStreams -> i
    io.grpc.InternalLogId logId -> a
    io.grpc.internal.ManagedClientTransport$Listener access$100(io.grpc.internal.DelayedClientTransport) -> a
    java.lang.Runnable access$502(io.grpc.internal.DelayedClientTransport,java.lang.Runnable) -> a
    io.grpc.internal.DelayedClientTransport$PendingStream createPendingStream(io.grpc.LoadBalancer$PickSubchannelArgs) -> a
    io.grpc.InternalLogId getLogId() -> a
    io.grpc.internal.ClientStream newStream(io.grpc.MethodDescriptor,io.grpc.Metadata,io.grpc.CallOptions) -> a
    void reprocess(io.grpc.LoadBalancer$SubchannelPicker) -> a
    void shutdownNow(io.grpc.Status) -> a
    java.lang.Runnable start(io.grpc.internal.ManagedClientTransport$Listener) -> a
    java.lang.Object access$400(io.grpc.internal.DelayedClientTransport) -> b
    int getPendingStreamsCount() -> b
    void shutdown(io.grpc.Status) -> b
io.grpc.internal.DelayedClientTransport$1 -> c.b.n1.a0$a:
    io.grpc.internal.ManagedClientTransport$Listener val$listener -> a
io.grpc.internal.DelayedClientTransport$2 -> c.b.n1.a0$b:
    io.grpc.internal.ManagedClientTransport$Listener val$listener -> a
io.grpc.internal.DelayedClientTransport$3 -> c.b.n1.a0$c:
    io.grpc.internal.ManagedClientTransport$Listener val$listener -> a
io.grpc.internal.DelayedClientTransport$4 -> c.b.n1.a0$d:
    io.grpc.Status val$status -> a
    io.grpc.internal.DelayedClientTransport this$0 -> b
io.grpc.internal.DelayedClientTransport$5 -> c.b.n1.a0$e:
    io.grpc.internal.ClientTransport val$transport -> b
    io.grpc.internal.DelayedClientTransport$PendingStream val$stream -> a
io.grpc.internal.DelayedClientTransport$PendingStream -> c.b.n1.a0$f:
    io.grpc.internal.DelayedClientTransport this$0 -> i
    io.grpc.LoadBalancer$PickSubchannelArgs args -> g
    io.grpc.Context context -> h
    io.grpc.LoadBalancer$PickSubchannelArgs access$200(io.grpc.internal.DelayedClientTransport$PendingStream) -> a
    void access$300(io.grpc.internal.DelayedClientTransport$PendingStream,io.grpc.internal.ClientTransport) -> a
    void cancel(io.grpc.Status) -> a
    void createRealStream(io.grpc.internal.ClientTransport) -> a
io.grpc.internal.DelayedStream -> c.b.n1.b0:
    io.grpc.internal.ClientStream realStream -> c
    java.util.List pendingCalls -> e
    io.grpc.Status error -> d
    io.grpc.internal.ClientStreamListener listener -> b
    io.grpc.internal.DelayedStream$DelayedStreamListener delayedListener -> f
    boolean passThrough -> a
    io.grpc.internal.ClientStream access$000(io.grpc.internal.DelayedStream) -> a
    void cancel(io.grpc.Status) -> a
    void delayOrExecute(java.lang.Runnable) -> a
    void halfClose() -> a
    void setAuthority(java.lang.String) -> a
    void setCompressor(io.grpc.Compressor) -> a
    void setDeadline(io.grpc.Deadline) -> a
    void setDecompressorRegistry(io.grpc.DecompressorRegistry) -> a
    void setFullStreamDecompression(boolean) -> a
    void setMaxOutboundMessageSize(int) -> a
    void setStream(io.grpc.internal.ClientStream) -> a
    void start(io.grpc.internal.ClientStreamListener) -> a
    void writeMessage(java.io.InputStream) -> a
    void drainPendingCalls() -> b
    void request(int) -> b
    void setMaxInboundMessageSize(int) -> c
io.grpc.internal.DelayedStream$1 -> c.b.n1.b0$e:
    io.grpc.internal.DelayedStream this$0 -> b
    int val$maxSize -> a